04/12/18, 23:44:39, 4, 0, :File not found.
04/12/18, 23:44:39, 4, 0, :File not found.
04/12/18, 23:46:01, 4, 0, :File not found.
04/12/18, 23:46:01, 4, 0, :File not found.
04/12/18, 23:49:03, 4, 0, :File not found.
04/12/18, 23:49:04, 4, 0, :File not found.
04/12/18, 23:49:04, 4, 0, :File not found.
04/12/18, 23:55:10, 4, 0, :File not found.
04/12/18, 23:55:17, 4, 0, :File not found.
04/12/18, 23:55:17, 4, 0, :File not found.
04/13/18, 00:02:25, 4, 0, :File not found.
04/13/18, 00:02:25, 4, 0, :File not found.
04/21/18, 22:58:27, 4, 0, :File not found.
04/21/18, 22:58:27, 4, 0, :File not found.
04/21/18, 22:58:42, 4, 0, :File not found.
04/21/18, 23:01:16, 4, 0, C:\Users\user\source\repos\AppRentalMotors\AppRentalMotors\bin\Debug\LaporanTransaksi.rpt:This field name is not known.
04/21/18, 23:10:11, 4, 0, :File not found.
04/21/18, 23:10:11, 4, 0, :File not found.
04/21/18, 23:10:25, 4, 0, :File not found.
04/22/18, 19:51:58, 4, 0, :File not found.
04/22/18, 19:51:58, 4, 0, :File not found.
04/22/18, 19:52:10, 4, 0, :File not found.
07/09/18, 22:35:43, 4, 0, C:\Users\user\source\repos\AppRentalMotors\AppRentalMotors\bin\Debug\LaporanTransaksis.rpt:Error detected by database DLL.
07/09/18, 22:37:08, 4, 0, C:\Users\user\source\repos\AppRentalMotors\AppRentalMotors\bin\Debug\LaporanPeminjaman.rpt:Error detected by database DLL.
07/09/18, 22:39:07, 4, 0, C:\Users\user\source\repos\AppRentalMotors\AppRentalMotors\bin\Debug\LaporanTransaksis.rpt:Error detected by database DLL.
07/09/18, 22:42:35, 4, 0, C:\Users\user\source\repos\AppRentalMotors\AppRentalMotors\bin\Debug\LaporanTransaksis.rpt:Error detected by database DLL.
07/09/18, 22:49:47, 4, 0, C:\Users\user\source\repos\AppRentalMotors\AppRentalMotors\bin\Debug\LaporanPeminjaman.rpt:Error detected by database DLL.
07/09/18, 23:04:07, 4, 0, C:\Users\user\source\repos\AppRentalMotors\AppRentalMotors\bin\Debug\LaporanTransaksis.rpt:Error detected by database DLL.
07/09/18, 23:06:58, 4, 0, C:\Users\user\source\repos\AppRentalMotors\AppRentalMotors\bin\Debug\LaporanTransaksis.rpt:Error detected by database DLL.
07/09/18, 23:10:31, 4, 0, C:\Users\user\source\repos\AppRentalMotors\AppRentalMotors\bin\Debug\LaporanPeminjaman.rpt:Error detected by database DLL.
07/09/18, 23:11:43, 4, 0, C:\Users\user\source\repos\AppRentalMotors\AppRentalMotors\bin\Debug\LaporanTransaksis.rpt:Error detected by database DLL.
07/09/18, 23:33:26, 4, 0, C:\Users\user\source\repos\AppRentalMotors\AppRentalMotors\bin\Debug\LaporanPeminjaman.rpt:Error detected by database DLL.
07/10/18, 00:04:51, 4, 0, C:\Users\user\source\repos\AppRentalMotors\AppRentalMotors\bin\Debug\LaporanPeminjaman.rpt:Error detected by database DLL.
07/10/18, 00:04:58, 4, 0, C:\Users\user\source\repos\AppRentalMotors\AppRentalMotors\bin\Debug\LaporanPeminjaman.rpt:Error detected by database DLL.
07/10/18, 08:00:25, 4, 0, C:\Users\user\source\repos\AppRentalMotors\AppRentalMotors\bin\Debug\LaporanTransaksis.rpt:Error detected by database DLL.
07/10/18, 08:03:54, 4, 0, C:\Users\user\source\repos\AppRentalMotors\AppRentalMotors\bin\Debug\LaporanTransaksis.rpt:Error detected by database DLL.
07/10/18, 08:47:10, 4, 0, C:\Users\user\source\repos\AppRentalMotors\AppRentalMotors\bin\Debug\LaporanTransaksis.rpt:This field name is not known.
07/10/18, 09:02:42, 4, 0, C:\Users\user\source\repos\AppRentalMotors\AppRentalMotors\bin\Debug\LaporanPeminjaman.rpt:Error detected by database DLL.
07/10/18, 09:08:39, 4, 0, C:\Users\user\source\repos\AppRentalMotors\AppRentalMotors\bin\Debug\LaporanTransaksis.rpt:This field name is not known.
08/19/18, 21:46:27, 4, 0, C:\Users\user\source\repos\AppRentalMotors\AppRentalMotors\bin\Debug\LaporanTransaksi.rpt:Error detected by database DLL.
08/19/18, 21:48:43, 4, 0, C:\Users\user\source\repos\AppRentalMotors\AppRentalMotors\bin\Debug\LaporanTransaksis.rpt:This field name is not known.
09/11/18, 15:39:54, 4, 0, :File not found.
09/11/18, 15:39:54, 4, 0, :File not found.
09/16/18, 22:56:41, 4, 0, C:\Users\Farid\Documents\Visual Studio 2013\Projects\AppRentalMotors\AppRentalMotors\bin\Debug\LaporanTransaksi.rpt:Server has not yet been opened.
